{"numTotalTestSuites":10,"numPassedTestSuites":10,"numFailedTestSuites":0,"numPendingTestSuites":0,"numTotalTests":27,"numPassedTests":27,"numFailedTests":0,"numPendingTests":0,"numTodoTests":0,"snapshot":{"added":0,"failure":false,"filesAdded":0,"filesRemoved":0,"filesRemovedList":[],"filesUnmatched":0,"filesUpdated":0,"matched":0,"total":0,"unchecked":0,"uncheckedKeysByFile":[],"unmatched":0,"updated":0,"didUpdate":false},"startTime":1788101871431,"success":true,"testResults":[{"assertionResults":[{"ancestorTitles":["TASK-008 and TASK-009 mobile/accessibility integration"],"fullName":"TASK-008 and TASK-009 mobile/accessibility integration renders responsive trade cards rather than a table on mobile","status":"passed","title":"renders responsive trade cards rather than a table on mobile","duration":819.6617000000006,"failureMessages":[],"meta":{}},{"ancestorTitles":["TASK-008 and TASK-009 mobile/accessibility integration"],"fullName":"TASK-008 and TASK-009 mobile/accessibility integration gives every icon-only button an accessible name and visible focus styles","status":"passed","title":"gives every icon-only button an accessible name and visible focus styles","duration":72.87319999999818,"failureMessages":[],"meta":{}}],"startTime":1788101891644,"endTime":1788101892536.8733,"status":"passed","message":"","name":"H:/AITrading/frontend/src/Accessibility.test.tsx"},{"assertionResults":[{"ancestorTitles":["TASK-002 responsive application shell"],"fullName":"TASK-002 responsive application shell renders the three independent desktop regions and resizable divider","status":"passed","title":"renders the three independent desktop regions and resizable divider","duration":365.95500000000175,"failureMessages":[],"meta":{}},{"ancestorTitles":["TASK-002 responsive application shell"],"fullName":"TASK-002 responsive application shell uses compact sidebar and an overlay AI Chat at tablet width","status":"passed","title":"uses compact sidebar and an overlay AI Chat at tablet width","duration":313.41110000000117,"failureMessages":[],"meta":{}},{"ancestorTitles":["TASK-002 responsive application shell"],"fullName":"TASK-002 responsive application shell closes the mobile drawer and presents exactly one selected primary view","status":"passed","title":"closes the mobile drawer and presents exactly one selected primary view","duration":206.6931999999979,"failureMessages":[],"meta":{}}],"startTime":1788101891639,"endTime":1788101892525.693,"status":"passed","message":"","name":"H:/AITrading/frontend/src/AppShell.test.tsx"},{"assertionResults":[{"ancestorTitles":["PB-001 responsive navigation and keyboard"],"fullName":"PB-001 responsive navigation and keyboard selects the correct layout at 767","status":"passed","title":"selects the correct layout at 767","duration":154.86799999999857,"failureMessages":[],"meta":{}},{"ancestorTitles":["PB-001 responsive navigation and keyboard"],"fullName":"PB-001 responsive navigation and keyboard selects the correct layout at 768","status":"passed","title":"selects the correct layout at 768","duration":85.59360000000015,"failureMessages":[],"meta":{}},{"ancestorTitles":["PB-001 responsive navigation and keyboard"],"fullName":"PB-001 responsive navigation and keyboard selects the correct layout at 1199","status":"passed","title":"selects the correct layout at 1199","duration":87.92840000000069,"failureMessages":[],"meta":{}},{"ancestorTitles":["PB-001 responsive navigation and keyboard"],"fullName":"PB-001 responsive navigation and keyboard selects the correct layout at 1200","status":"passed","title":"selects the correct layout at 1200","duration":121.50710000000254,"failureMessages":[],"meta":{}},{"ancestorTitles":["PB-001 responsive navigation and keyboard"],"fullName":"PB-001 responsive navigation and keyboard all planned desktop navigation destinations show explicit empty states","status":"passed","title":"all planned desktop navigation destinations show explicit empty states","duration":585.7666000000027,"failureMessages":[],"meta":{}},{"ancestorTitles":["PB-001 responsive navigation and keyboard"],"fullName":"PB-001 responsive navigation and keyboard uses roving tab focus with arrows/Home/End and clamps keyboard resizing","status":"passed","title":"uses roving tab focus with arrows/Home/End and clamps keyboard resizing","duration":278.7544999999991,"failureMessages":[],"meta":{}},{"ancestorTitles":["PB-001 responsive navigation and keyboard"],"fullName":"PB-001 responsive navigation and keyboard closes mobile modal on cancel and restores trigger focus","status":"passed","title":"closes mobile modal on cancel and restores trigger focus","duration":36.59739999999874,"failureMessages":[],"meta":{}},{"ancestorTitles":["PB-001 responsive navigation and keyboard"],"fullName":"PB-001 responsive navigation and keyboard closes the tablet dialog with Escape even when native cancel is unavailable","status":"passed","title":"closes the tablet dialog with Escape even when native cancel is unavailable","duration":79.54639999999927,"failureMessages":[],"meta":{}},{"ancestorTitles":["PB-001 input, duplicate events and lifetime safeguards"],"fullName":"PB-001 input, duplicate events and lifetime safeguards rejects empty input","status":"passed","title":"rejects empty input","duration":5.3840000000018335,"failureMessages":[],"meta":{}},{"ancestorTitles":["PB-001 input, duplicate events and lifetime safeguards"],"fullName":"PB-001 input, duplicate events and lifetime safeguards rejects whitespace input","status":"passed","title":"rejects whitespace input","duration":2.1651999999994587,"failureMessages":[],"meta":{}},{"ancestorTitles":["PB-001 input, duplicate events and lifetime safeguards"],"fullName":"PB-001 input, duplicate events and lifetime safeguards rejects oversized input","status":"passed","title":"rejects oversized input","duration":2.103900000001886,"failureMessages":[],"meta":{}},{"ancestorTitles":["PB-001 input, duplicate events and lifetime safeguards"],"fullName":"PB-001 input, duplicate events and lifetime safeguards accepts the maximum length once, suppresses duplicate calls, and prevents pending input loss","status":"passed","title":"accepts the maximum length once, suppresses duplicate calls, and prevents pending input loss","duration":10.240399999998772,"failureMessages":[],"meta":{}},{"ancestorTitles":["PB-001 input, duplicate events and lifetime safeguards"],"fullName":"PB-001 input, duplicate events and lifetime safeguards clears outstanding generation/backtest timers on unmount","status":"passed","title":"clears outstanding generation/backtest timers on unmount","duration":5.418099999998958,"failureMessages":[],"meta":{}},{"ancestorTitles":["PB-001 input, duplicate events and lifetime safeguards"],"fullName":"PB-001 input, duplicate events and lifetime safeguards renders hostile prompt/code as plain text without creating HTML or network calls","status":"passed","title":"renders hostile prompt/code as plain text without creating HTML or network calls","duration":150.7953000000016,"failureMessages":[],"meta":{}},{"ancestorTitles":["PB-001 clipboard trust"],"fullName":"PB-001 clipboard trust reports success only after a successful write","status":"passed","title":"reports success only after a successful write","duration":43.27010000000155,"failureMessages":[],"meta":{}},{"ancestorTitles":["PB-001 clipboard trust"],"fullName":"PB-001 clipboard trust reports missing clipboard without fake success","status":"passed","title":"reports missing clipboard without fake success","duration":17.216499999998632,"failureMessages":[],"meta":{}},{"ancestorTitles":["PB-001 clipboard trust"],"fullName":"PB-001 clipboard trust reports denied clipboard without fake success","status":"passed","title":"reports denied clipboard without fake success","duration":42.73110000000088,"failureMessages":[],"meta":{}}],"startTime":1788101891645,"endTime":1788101893356.7312,"status":"passed","message":"","name":"H:/AITrading/frontend/src/ShellSafety.test.tsx"},{"assertionResults":[{"ancestorTitles":["TASK-003 through TASK-007 workspace behavior"],"fullName":"TASK-003 through TASK-007 workspace behavior fully replaces workspace content when switching tabs","status":"passed","title":"fully replaces workspace content when switching tabs","duration":509.08150000000023,"failureMessages":[],"meta":{}},{"ancestorTitles":["TASK-003 through TASK-007 workspace behavior"],"fullName":"TASK-003 through TASK-007 workspace behavior shows all local Chart toolbar controls","status":"passed","title":"shows all local Chart toolbar controls","duration":168.46759999999995,"failureMessages":[],"meta":{}},{"ancestorTitles":["TASK-003 through TASK-007 workspace behavior"],"fullName":"TASK-003 through TASK-007 workspace behavior keeps code views read-only, scrollable, and copyable","status":"passed","title":"keeps code views read-only, scrollable, and copyable","duration":126.47090000000026,"failureMessages":[],"meta":{}},{"ancestorTitles":["TASK-003 through TASK-007 workspace behavior"],"fullName":"TASK-003 through TASK-007 workspace behavior generates mock strategy views without automatically running backtest","status":"passed","title":"generates mock strategy views without automatically running backtest","duration":275.47379999999976,"failureMessages":[],"meta":{}},{"ancestorTitles":["TASK-003 through TASK-007 workspace behavior"],"fullName":"TASK-003 through TASK-007 workspace behavior updates metrics and trades only after a separate Backtest action","status":"passed","title":"updates metrics and trades only after a separate Backtest action","duration":172.71500000000015,"failureMessages":[],"meta":{}}],"startTime":1788101891643,"endTime":1788101892895.715,"status":"passed","message":"","name":"H:/AITrading/frontend/src/Workspace.test.tsx"}]}